<?xml version="1.0" encoding="UTF-8"?>
<testsuite name="org.cst8288Lab2.AppTest" tests="1" skipped="0" failures="0" errors="0" timestamp="2024-06-12T01:49:20" hostname="Ryans-MacBook-Pro.local" time="0.016">
  <properties/>
  <testcase name="appHasAGreeting()" classname="org.cst8288Lab2.AppTest" time="0.016"/>
  <system-out><![CDATA[]]></system-out>
  <system-err><![CDATA[]]></system-err>
</testsuite>
